c:\users\maxim\onedrive - hogeschool west-vlaanderen\howest\sem3_programming3\free\engine\debug\myapplication.pdb
c:\users\maxim\onedrive - hogeschool west-vlaanderen\howest\sem3_programming3\free\engine\debug\myapplication.idb
c:\users\maxim\onedrive - hogeschool west-vlaanderen\howest\sem3_programming3\free\engine\source\x64\debug\material.obj
c:\users\maxim\onedrive - hogeschool west-vlaanderen\howest\sem3_programming3\free\engine\source\x64\debug\wictextureloader.obj
c:\users\maxim\onedrive - hogeschool west-vlaanderen\howest\sem3_programming3\free\engine\source\x64\debug\scene.obj
c:\users\maxim\onedrive - hogeschool west-vlaanderen\howest\sem3_programming3\free\engine\source\x64\debug\renderer.obj
c:\users\maxim\onedrive - hogeschool west-vlaanderen\howest\sem3_programming3\free\engine\source\x64\debug\litmaterial.obj
c:\users\maxim\onedrive - hogeschool west-vlaanderen\howest\sem3_programming3\free\engine\source\x64\debug\light.obj
c:\users\maxim\onedrive - hogeschool west-vlaanderen\howest\sem3_programming3\free\engine\source\x64\debug\camera.obj
c:\users\maxim\onedrive - hogeschool west-vlaanderen\howest\sem3_programming3\free\engine\source\x64\debug\imgui_widgets.obj
c:\users\maxim\onedrive - hogeschool west-vlaanderen\howest\sem3_programming3\free\engine\source\x64\debug\imgui_tables.obj
c:\users\maxim\onedrive - hogeschool west-vlaanderen\howest\sem3_programming3\free\engine\source\x64\debug\imgui_draw.obj
c:\users\maxim\onedrive - hogeschool west-vlaanderen\howest\sem3_programming3\free\engine\source\x64\debug\imgui_demo.obj
c:\users\maxim\onedrive - hogeschool west-vlaanderen\howest\sem3_programming3\free\engine\source\x64\debug\imgui.obj
c:\users\maxim\onedrive - hogeschool west-vlaanderen\howest\sem3_programming3\free\engine\source\x64\debug\imgui_impl_win32.obj
c:\users\maxim\onedrive - hogeschool west-vlaanderen\howest\sem3_programming3\free\engine\source\x64\debug\imgui_impl_dx11.obj
c:\users\maxim\onedrive - hogeschool west-vlaanderen\howest\sem3_programming3\free\engine\source\x64\debug\gameobject.obj
c:\users\maxim\onedrive - hogeschool west-vlaanderen\howest\sem3_programming3\free\engine\source\x64\debug\texture.obj
c:\users\maxim\onedrive - hogeschool west-vlaanderen\howest\sem3_programming3\free\engine\source\x64\debug\dx11renderer.obj
c:\users\maxim\onedrive - hogeschool west-vlaanderen\howest\sem3_programming3\free\engine\source\x64\debug\component.obj
c:\users\maxim\onedrive - hogeschool west-vlaanderen\howest\sem3_programming3\free\engine\debug\pixelshader.cso
c:\users\maxim\onedrive - hogeschool west-vlaanderen\howest\sem3_programming3\free\engine\debug\vertexshader.cso
c:\users\maxim\onedrive - hogeschool west-vlaanderen\howest\sem3_programming3\free\engine\source\x64\debug\myapplication.tlog\cl.command.1.tlog
c:\users\maxim\onedrive - hogeschool west-vlaanderen\howest\sem3_programming3\free\engine\source\x64\debug\myapplication.tlog\cl.read.1.tlog
c:\users\maxim\onedrive - hogeschool west-vlaanderen\howest\sem3_programming3\free\engine\source\x64\debug\myapplication.tlog\cl.write.1.tlog
c:\users\maxim\onedrive - hogeschool west-vlaanderen\howest\sem3_programming3\free\engine\source\x64\debug\myapplication.tlog\fxc.command.1.tlog
c:\users\maxim\onedrive - hogeschool west-vlaanderen\howest\sem3_programming3\free\engine\source\x64\debug\myapplication.tlog\fxc.read.1.tlog
c:\users\maxim\onedrive - hogeschool west-vlaanderen\howest\sem3_programming3\free\engine\source\x64\debug\myapplication.tlog\fxc.write.1.tlog
